2023-03-15 17:32:03,834 [INFO   ] [APP] autotrader started with arguments={rtg.py, run, autotrader.py}
2023-03-15 17:32:03,834 [INFO   ] [APP] configuration={"Execution":{"Host":"127.0.0.1","Port":12345},"Information":{"Type":"mmap","Name":"info.dat"},"TeamName":"TraderOne","Secret":"secret"}
2023-03-15 17:32:03,841 [INFO   ] [CONNECTION] fd=16 connection established: peer=127.0.0.1:12345
2023-03-15 17:32:08,213 [INFO   ] [TRADER] received order book for instrument 0 with sequence number 1
2023-03-15 17:32:08,214 [ERROR  ] [RECEIVER] connection lost:
Traceback (most recent call last):
  File "/home/chi/Workspaces/optiver-ready-trader-go-2023/base_autotrader/ready_trader_go/pubsub.py", line 136, in _subscribe_worker
    protocol.datagram_received(buffer[start:start + length], from_addr)
  File "/home/chi/Workspaces/optiver-ready-trader-go-2023/base_autotrader/ready_trader_go/messages.py", line 212, in datagram_received
    self.on_datagram(typ, data, HEADER_SIZE, length)
  File "/home/chi/Workspaces/optiver-ready-trader-go-2023/base_autotrader/ready_trader_go/base_auto_trader.py", line 69, in on_datagram
    self.on_order_book_update_message(inst, seq, *BOOK_PART.iter_unpack(data[ORDER_BOOK_HEADER_SIZE:]))
  File "/home/chi/Workspaces/optiver-ready-trader-go-2023/base_autotrader/autotrader.py", line 245, in on_order_book_update_message
    price_adjustment = - (self.position // LOT_SIZE) * TICK_SIZE_IN_CENTS
AttributeError: 'AutoTrader' object has no attribute 'position'
2023-03-15 17:32:08,214 [INFO   ] [APP] closing event loop
2023-03-15 17:32:08,215 [INFO   ] [CONNECTION] fd=16 connection lost
2023-03-15 17:32:08,215 [ERROR  ] [asyncio] Exception in callback _SelectorSocketTransport._call_connection_lost(None)
handle: <Handle _SelectorSocketTransport._call_connection_lost(None)>
Traceback (most recent call last):
  File "/usr/lib/python3.8/asyncio/events.py", line 81, in _run
    self._context.run(self._callback, *self._args)
  File "/usr/lib/python3.8/asyncio/selector_events.py", line 970, in _call_connection_lost
    super()._call_connection_lost(exc)
  File "/usr/lib/python3.8/asyncio/selector_events.py", line 728, in _call_connection_lost
    self._protocol.connection_lost(exc)
  File "/home/chi/Workspaces/optiver-ready-trader-go-2023/base_autotrader/ready_trader_go/base_auto_trader.py", line 59, in connection_lost
    Subscription.close(self)
  File "/home/chi/Workspaces/optiver-ready-trader-go-2023/base_autotrader/ready_trader_go/messages.py", line 186, in close
    self._receiver_transport.close()
AttributeError: 'NoneType' object has no attribute 'close'
2023-03-15 20:16:51,043 [INFO   ] [APP] autotrader started with arguments={rtg.py, run, autotrader.py}
2023-03-15 20:16:51,044 [INFO   ] [APP] configuration={"Execution":{"Host":"127.0.0.1","Port":12345},"Information":{"Type":"mmap","Name":"info.dat"},"TeamName":"TraderOne","Secret":"secret"}
2023-03-15 20:16:51,051 [INFO   ] [CONNECTION] fd=16 connection established: peer=127.0.0.1:12345
2023-03-15 20:16:51,052 [INFO   ] [TRADER] received trade ticks for instrument 1 with sequence number 7
2023-03-15 20:16:51,052 [INFO   ] [TRADER] received trade ticks for instrument 0 with sequence number 7
2023-03-15 20:16:51,052 [INFO   ] [TRADER] received order book for instrument 0 with sequence number 28
2023-03-15 20:16:51,052 [INFO   ] [TRADER] received order book for instrument 1 with sequence number 28
2023-03-15 20:16:51,053 [INFO   ] [TRADER] received trade ticks for instrument 0 with sequence number 8
2023-03-15 20:16:51,053 [INFO   ] [TRADER] received order book for instrument 0 with sequence number 29
2023-03-15 20:16:51,053 [INFO   ] [TRADER] received order book for instrument 1 with sequence number 29
2023-03-15 20:16:51,053 [INFO   ] [TRADER] received order book for instrument 0 with sequence number 30
2023-03-15 20:16:51,053 [INFO   ] [TRADER] received order book for instrument 1 with sequence number 30
2023-03-15 20:16:51,054 [INFO   ] [TRADER] received order book for instrument 0 with sequence number 31
2023-03-15 20:16:51,054 [INFO   ] [TRADER] received order book for instrument 1 with sequence number 31
2023-03-15 20:16:51,054 [INFO   ] [TRADER] received order book for instrument 0 with sequence number 32
2023-03-15 20:16:51,054 [INFO   ] [TRADER] received order book for instrument 1 with sequence number 32
2023-03-15 20:16:51,054 [INFO   ] [TRADER] received order book for instrument 0 with sequence number 33
2023-03-15 20:16:51,055 [INFO   ] [TRADER] received order book for instrument 1 with sequence number 33
2023-03-15 20:16:51,055 [INFO   ] [TRADER] received trade ticks for instrument 1 with sequence number 8
2023-03-15 20:16:51,055 [INFO   ] [TRADER] received order book for instrument 0 with sequence number 34
2023-03-15 20:16:51,055 [INFO   ] [TRADER] received order book for instrument 1 with sequence number 34
2023-03-15 20:16:51,055 [INFO   ] [TRADER] received order book for instrument 0 with sequence number 35
2023-03-15 20:16:51,056 [INFO   ] [TRADER] received order book for instrument 1 with sequence number 35
2023-03-15 20:16:51,056 [INFO   ] [TRADER] received order book for instrument 0 with sequence number 36
2023-03-15 20:16:51,056 [INFO   ] [TRADER] received order book for instrument 1 with sequence number 36
2023-03-15 20:16:51,056 [INFO   ] [TRADER] received trade ticks for instrument 1 with sequence number 9
2023-03-15 20:16:51,056 [INFO   ] [TRADER] received order book for instrument 0 with sequence number 37
2023-03-15 20:16:51,056 [INFO   ] [TRADER] received order book for instrument 1 with sequence number 37
2023-03-15 20:16:51,057 [INFO   ] [TRADER] received order book for instrument 0 with sequence number 38
2023-03-15 20:16:51,057 [INFO   ] [TRADER] received order book for instrument 1 with sequence number 38
2023-03-15 20:16:51,057 [INFO   ] [TRADER] received order book for instrument 0 with sequence number 39
2023-03-15 20:16:51,057 [INFO   ] [TRADER] received order book for instrument 1 with sequence number 39
2023-03-15 20:16:51,057 [INFO   ] [TRADER] received order book for instrument 0 with sequence number 40
2023-03-15 20:16:51,057 [INFO   ] [TRADER] received order book for instrument 1 with sequence number 40
2023-03-15 20:16:51,058 [INFO   ] [TRADER] received order book for instrument 0 with sequence number 41
2023-03-15 20:16:51,058 [INFO   ] [TRADER] received order book for instrument 1 with sequence number 41
2023-03-15 20:16:51,058 [INFO   ] [TRADER] received order book for instrument 0 with sequence number 42
2023-03-15 20:16:51,058 [INFO   ] [TRADER] received order book for instrument 1 with sequence number 42
2023-03-15 20:16:51,058 [INFO   ] [TRADER] received trade ticks for instrument 0 with sequence number 9
2023-03-15 20:16:51,058 [INFO   ] [TRADER] received order book for instrument 0 with sequence number 43
2023-03-15 20:16:51,059 [INFO   ] [TRADER] received order book for instrument 1 with sequence number 43
2023-03-15 20:16:51,059 [INFO   ] [TRADER] received trade ticks for instrument 1 with sequence number 10
2023-03-15 20:16:51,059 [INFO   ] [TRADER] received trade ticks for instrument 0 with sequence number 10
2023-03-15 20:16:51,059 [INFO   ] [TRADER] received trade ticks for instrument 1 with sequence number 11
2023-03-15 20:16:51,059 [INFO   ] [TRADER] received order book for instrument 0 with sequence number 44
2023-03-15 20:16:51,059 [INFO   ] [TRADER] received order book for instrument 1 with sequence number 44
2023-03-15 20:16:51,059 [INFO   ] [TRADER] received trade ticks for instrument 1 with sequence number 12
2023-03-15 20:16:51,060 [INFO   ] [CONNECTION] fd=16 connection lost
2023-03-15 20:16:51,060 [INFO   ] [APP] closing event loop
2023-03-15 20:16:51,060 [INFO   ] [RECEIVER] connection lost
