2023-03-16 20:26:52,731 [INFO   ] [APP] autotrader_round_1a started with arguments={rtg.py, run, autotrader_round_1a.py}
2023-03-16 20:26:52,732 [INFO   ] [APP] configuration={"Execution":{"Host":"127.0.0.1","Port":12345},"Information":{"Type":"mmap","Name":"info.dat"},"TeamName":"TraderOne","Secret":"secret"}
2023-03-16 20:26:52,738 [INFO   ] [CONNECTION] fd=16 connection established: peer=127.0.0.1:12345
2023-03-16 20:26:57,144 [INFO   ] [TRADER] received order book for instrument 0 with sequence number 1
2023-03-16 20:26:57,144 [ERROR  ] [RECEIVER] connection lost:
Traceback (most recent call last):
  File "/home/chi/Workspaces/archive/optiver-ready-trader-go-2023_version_2/ready_trader_go/pubsub.py", line 136, in _subscribe_worker
    protocol.datagram_received(buffer[start:start + length], from_addr)
  File "/home/chi/Workspaces/archive/optiver-ready-trader-go-2023_version_2/ready_trader_go/messages.py", line 212, in datagram_received
    self.on_datagram(typ, data, HEADER_SIZE, length)
  File "/home/chi/Workspaces/archive/optiver-ready-trader-go-2023_version_2/ready_trader_go/base_auto_trader.py", line 69, in on_datagram
    self.on_order_book_update_message(inst, seq, *BOOK_PART.iter_unpack(data[ORDER_BOOK_HEADER_SIZE:]))
  File "/home/chi/Workspaces/archive/optiver-ready-trader-go-2023_version_2/autotrader_round_1a.py", line 125, in on_order_book_update_message
    price_adjustment = - (self.position // LOT_SIZE) * TICK_SIZE_IN_CENTS
AttributeError: 'AutoTrader' object has no attribute 'position'
2023-03-16 20:26:57,145 [INFO   ] [APP] closing event loop
2023-03-16 20:26:57,145 [INFO   ] [CONNECTION] fd=16 connection lost
2023-03-16 20:26:57,145 [ERROR  ] [asyncio] Exception in callback _SelectorSocketTransport._call_connection_lost(None)
handle: <Handle _SelectorSocketTransport._call_connection_lost(None)>
Traceback (most recent call last):
  File "/usr/lib/python3.8/asyncio/events.py", line 81, in _run
    self._context.run(self._callback, *self._args)
  File "/usr/lib/python3.8/asyncio/selector_events.py", line 970, in _call_connection_lost
    super()._call_connection_lost(exc)
  File "/usr/lib/python3.8/asyncio/selector_events.py", line 728, in _call_connection_lost
    self._protocol.connection_lost(exc)
  File "/home/chi/Workspaces/archive/optiver-ready-trader-go-2023_version_2/ready_trader_go/base_auto_trader.py", line 59, in connection_lost
    Subscription.close(self)
  File "/home/chi/Workspaces/archive/optiver-ready-trader-go-2023_version_2/ready_trader_go/messages.py", line 186, in close
    self._receiver_transport.close()
AttributeError: 'NoneType' object has no attribute 'close'
2023-03-16 20:27:28,098 [INFO   ] [APP] autotrader_round_1a started with arguments={rtg.py, run, autotrader_round_1a.py}
2023-03-16 20:27:28,099 [INFO   ] [APP] configuration={"Execution":{"Host":"127.0.0.1","Port":12345},"Information":{"Type":"mmap","Name":"info.dat"},"TeamName":"TraderOne","Secret":"secret"}
2023-03-16 20:27:28,104 [INFO   ] [CONNECTION] fd=16 connection established: peer=127.0.0.1:12345
2023-03-16 20:27:32,511 [INFO   ] [TRADER] received order book for instrument 0 with sequence number 1
2023-03-16 20:27:32,511 [INFO   ] [TRADER] received order book for instrument 1 with sequence number 1
2023-03-16 20:27:32,756 [INFO   ] [TRADER] received order book for instrument 0 with sequence number 2
2023-03-16 20:27:32,756 [INFO   ] [TRADER] received order book for instrument 1 with sequence number 2
2023-03-16 20:27:32,976 [INFO   ] [TRADER] received order book for instrument 0 with sequence number 3
2023-03-16 20:27:32,976 [INFO   ] [TRADER] received order book for instrument 1 with sequence number 3
2023-03-16 20:27:33,296 [INFO   ] [TRADER] received trade ticks for instrument 1 with sequence number 2
2023-03-16 20:27:33,299 [INFO   ] [TRADER] received order book for instrument 0 with sequence number 4
2023-03-16 20:27:33,299 [INFO   ] [TRADER] received order book for instrument 1 with sequence number 4
2023-03-16 20:27:33,467 [INFO   ] [TRADER] received order book for instrument 0 with sequence number 5
2023-03-16 20:27:33,468 [INFO   ] [TRADER] received order book for instrument 1 with sequence number 5
2023-03-16 20:27:33,505 [INFO   ] [TRADER] received trade ticks for instrument 0 with sequence number 2
2023-03-16 20:27:33,763 [INFO   ] [TRADER] received order book for instrument 0 with sequence number 6
2023-03-16 20:27:33,763 [INFO   ] [TRADER] received order book for instrument 1 with sequence number 6
2023-03-16 20:27:34,053 [INFO   ] [TRADER] received order book for instrument 0 with sequence number 7
2023-03-16 20:27:34,053 [INFO   ] [TRADER] received order book for instrument 1 with sequence number 7
2023-03-16 20:27:34,291 [INFO   ] [TRADER] received order book for instrument 0 with sequence number 8
2023-03-16 20:27:34,291 [INFO   ] [TRADER] received order book for instrument 1 with sequence number 8
2023-03-16 20:27:34,462 [INFO   ] [TRADER] received order book for instrument 0 with sequence number 9
2023-03-16 20:27:34,462 [INFO   ] [TRADER] received order book for instrument 1 with sequence number 9
2023-03-16 20:27:34,516 [INFO   ] [TRADER] received trade ticks for instrument 0 with sequence number 3
2023-03-16 20:27:34,647 [INFO   ] [TRADER] received trade ticks for instrument 0 with sequence number 4
2023-03-16 20:27:34,764 [INFO   ] [TRADER] received order book for instrument 0 with sequence number 10
2023-03-16 20:27:34,764 [INFO   ] [TRADER] received order book for instrument 1 with sequence number 10
2023-03-16 20:27:35,003 [INFO   ] [TRADER] received trade ticks for instrument 1 with sequence number 3
2023-03-16 20:27:35,046 [INFO   ] [TRADER] received order book for instrument 0 with sequence number 11
2023-03-16 20:27:35,046 [INFO   ] [TRADER] received order book for instrument 1 with sequence number 11
2023-03-16 20:27:35,311 [INFO   ] [TRADER] received order book for instrument 0 with sequence number 12
2023-03-16 20:27:35,311 [INFO   ] [TRADER] received order book for instrument 1 with sequence number 12
2023-03-16 20:27:35,520 [INFO   ] [TRADER] received order book for instrument 0 with sequence number 13
2023-03-16 20:27:35,520 [INFO   ] [TRADER] received order book for instrument 1 with sequence number 13
2023-03-16 20:27:35,714 [INFO   ] [TRADER] received order book for instrument 0 with sequence number 14
2023-03-16 20:27:35,714 [INFO   ] [TRADER] received order book for instrument 1 with sequence number 14
2023-03-16 20:27:35,950 [INFO   ] [TRADER] received trade ticks for instrument 1 with sequence number 4
2023-03-16 20:27:35,995 [INFO   ] [TRADER] received order book for instrument 0 with sequence number 15
2023-03-16 20:27:35,995 [INFO   ] [TRADER] received order book for instrument 1 with sequence number 15
2023-03-16 20:27:36,151 [INFO   ] [TRADER] received trade ticks for instrument 1 with sequence number 5
2023-03-16 20:27:36,307 [INFO   ] [TRADER] received order book for instrument 0 with sequence number 16
2023-03-16 20:27:36,307 [INFO   ] [TRADER] received order book for instrument 1 with sequence number 16
2023-03-16 20:27:36,539 [INFO   ] [TRADER] received order book for instrument 0 with sequence number 17
2023-03-16 20:27:36,539 [INFO   ] [TRADER] received order book for instrument 1 with sequence number 17
2023-03-16 20:27:36,754 [INFO   ] [TRADER] received order book for instrument 0 with sequence number 18
2023-03-16 20:27:36,754 [INFO   ] [TRADER] received order book for instrument 1 with sequence number 18
2023-03-16 20:27:36,999 [INFO   ] [TRADER] received trade ticks for instrument 1 with sequence number 6
2023-03-16 20:27:37,011 [INFO   ] [TRADER] received order book for instrument 0 with sequence number 19
2023-03-16 20:27:37,012 [INFO   ] [TRADER] received order book for instrument 1 with sequence number 19
2023-03-16 20:27:37,246 [INFO   ] [TRADER] received order book for instrument 0 with sequence number 20
2023-03-16 20:27:37,246 [INFO   ] [TRADER] received order book for instrument 1 with sequence number 20
2023-03-16 20:27:37,484 [INFO   ] [TRADER] received order book for instrument 0 with sequence number 21
2023-03-16 20:27:37,485 [INFO   ] [TRADER] received order book for instrument 1 with sequence number 21
2023-03-16 20:27:37,721 [INFO   ] [TRADER] received trade ticks for instrument 0 with sequence number 5
2023-03-16 20:27:37,803 [INFO   ] [TRADER] received order book for instrument 0 with sequence number 22
2023-03-16 20:27:37,803 [INFO   ] [TRADER] received order book for instrument 1 with sequence number 22
2023-03-16 20:27:37,908 [INFO   ] [APP] SIGTERM signal received - shutting down...
2023-03-16 20:27:37,908 [INFO   ] [APP] closing event loop
