2023-03-16 23:35:01,976 [INFO   ] [APP] autotrader started with arguments={-c}
2023-03-16 23:35:01,976 [INFO   ] [APP] configuration={"Execution":{"Host":"172.21.0.2","Port":12345},"Information":{"Type":"mmap","Name":"/info/info.dat"},"TeamName":"FiscalFuries_21347","Secret":"625dc3179f354a3f88c389a877c3444c"}
2023-03-16 23:35:02,025 [INFO   ] [CONNECTION] fd=7 connection established: peer=172.21.0.2:12345
2023-03-16 23:35:20,065 [INFO   ] [TRADER] received order book for instrument 0 with sequence number 1
2023-03-16 23:35:20,065 [INFO   ] [TRADER] received order book for instrument 1 with sequence number 1
2023-03-16 23:35:20,066 [INFO   ] [TRADER] received order status for order 1 with fill volume 0 remaining 10 and fees 0
2023-03-16 23:35:20,066 [INFO   ] [TRADER] received order status for order 2 with fill volume 0 remaining 10 and fees 0
2023-03-16 23:35:20,281 [INFO   ] [TRADER] received order book for instrument 0 with sequence number 2
2023-03-16 23:35:20,281 [INFO   ] [TRADER] received order book for instrument 1 with sequence number 2
2023-03-16 23:35:20,544 [INFO   ] [TRADER] received order book for instrument 0 with sequence number 3
2023-03-16 23:35:20,545 [INFO   ] [TRADER] received order book for instrument 1 with sequence number 3
2023-03-16 23:35:20,545 [INFO   ] [TRADER] received order status for order 2 with fill volume 0 remaining 0 and fees 0
2023-03-16 23:35:20,545 [INFO   ] [TRADER] received order status for order 3 with fill volume 0 remaining 10 and fees 0
2023-03-16 23:35:20,860 [INFO   ] [TRADER] received order book for instrument 0 with sequence number 4
2023-03-16 23:35:20,860 [INFO   ] [TRADER] received order book for instrument 1 with sequence number 4
2023-03-16 23:35:21,047 [INFO   ] [TRADER] received trade ticks for instrument 0 with sequence number 2
2023-03-16 23:35:21,078 [INFO   ] [TRADER] received order book for instrument 0 with sequence number 5
2023-03-16 23:35:21,078 [INFO   ] [TRADER] received order book for instrument 1 with sequence number 5
2023-03-16 23:35:21,079 [INFO   ] [TRADER] received order status for order 1 with fill volume 0 remaining 0 and fees 0
2023-03-16 23:35:21,079 [INFO   ] [TRADER] received order status for order 3 with fill volume 0 remaining 0 and fees 0
2023-03-16 23:35:21,079 [INFO   ] [TRADER] received order status for order 4 with fill volume 0 remaining 10 and fees 0
2023-03-16 23:35:21,079 [INFO   ] [TRADER] received order status for order 5 with fill volume 0 remaining 10 and fees 0
2023-03-16 23:35:21,322 [INFO   ] [TRADER] received order book for instrument 0 with sequence number 6
2023-03-16 23:35:21,322 [INFO   ] [TRADER] received order book for instrument 1 with sequence number 6
2023-03-16 23:35:21,322 [INFO   ] [TRADER] received order status for order 5 with fill volume 0 remaining 0 and fees 0
2023-03-16 23:35:21,322 [INFO   ] [TRADER] received order status for order 6 with fill volume 0 remaining 10 and fees 0
2023-03-16 23:35:21,548 [INFO   ] [TRADER] received trade ticks for instrument 0 with sequence number 3
2023-03-16 23:35:21,601 [INFO   ] [TRADER] received order book for instrument 0 with sequence number 7
2023-03-16 23:35:21,601 [INFO   ] [TRADER] received order book for instrument 1 with sequence number 7
2023-03-16 23:35:21,601 [INFO   ] [TRADER] received order status for order 4 with fill volume 0 remaining 0 and fees 0
2023-03-16 23:35:21,601 [INFO   ] [TRADER] received order status for order 7 with fill volume 0 remaining 10 and fees 0
2023-03-16 23:35:21,808 [INFO   ] [TRADER] received order book for instrument 0 with sequence number 8
2023-03-16 23:35:21,808 [INFO   ] [TRADER] received order book for instrument 1 with sequence number 8
2023-03-16 23:35:21,853 [INFO   ] [TRADER] received order filled for order 6 with price 140800 and volume 10
2023-03-16 23:35:21,853 [INFO   ] [TRADER] received trade ticks for instrument 1 with sequence number 2
2023-03-16 23:35:21,854 [INFO   ] [TRADER] received order status for order 6 with fill volume 10 remaining 0 and fees -141
2023-03-16 23:35:21,854 [INFO   ] [TRADER] received hedge filled for order 8 with average price 140500 and volume 10
2023-03-16 23:35:22,047 [INFO   ] [TRADER] received order book for instrument 0 with sequence number 9
2023-03-16 23:35:22,047 [INFO   ] [TRADER] received order book for instrument 1 with sequence number 9
2023-03-16 23:35:22,049 [INFO   ] [TRADER] received order status for order 9 with fill volume 0 remaining 10 and fees 0
2023-03-16 23:35:22,330 [INFO   ] [TRADER] received order book for instrument 0 with sequence number 10
2023-03-16 23:35:22,330 [INFO   ] [TRADER] received order book for instrument 1 with sequence number 10
2023-03-16 23:35:22,330 [INFO   ] [TRADER] received order status for order 7 with fill volume 0 remaining 0 and fees 0
2023-03-16 23:35:22,330 [INFO   ] [TRADER] received order status for order 10 with fill volume 0 remaining 10 and fees 0
2023-03-16 23:35:22,331 [INFO   ] [TRADER] received trade ticks for instrument 1 with sequence number 3
2023-03-16 23:35:22,452 [INFO   ] [TRADER] received trade ticks for instrument 0 with sequence number 4
2023-03-16 23:35:22,599 [INFO   ] [TRADER] received order book for instrument 0 with sequence number 11
2023-03-16 23:35:22,599 [INFO   ] [TRADER] received order book for instrument 1 with sequence number 11
2023-03-16 23:35:22,600 [INFO   ] [TRADER] received order status for order 9 with fill volume 0 remaining 0 and fees 0
2023-03-16 23:35:22,600 [INFO   ] [TRADER] received order status for order 11 with fill volume 0 remaining 10 and fees 0
2023-03-16 23:35:22,808 [INFO   ] [TRADER] received order filled for order 11 with price 140900 and volume 10
2023-03-16 23:35:22,809 [INFO   ] [TRADER] received order status for order 11 with fill volume 10 remaining 0 and fees -141
2023-03-16 23:35:22,809 [INFO   ] [TRADER] received trade ticks for instrument 1 with sequence number 4
2023-03-16 23:35:22,809 [INFO   ] [TRADER] received hedge filled for order 12 with average price 140600 and volume 10
2023-03-16 23:35:22,848 [INFO   ] [TRADER] received order book for instrument 0 with sequence number 12
2023-03-16 23:35:22,848 [INFO   ] [TRADER] received order book for instrument 1 with sequence number 12
2023-03-16 23:35:22,848 [INFO   ] [TRADER] received order status for order 13 with fill volume 0 remaining 10 and fees 0
2023-03-16 23:35:23,059 [INFO   ] [TRADER] received order book for instrument 0 with sequence number 13
2023-03-16 23:35:23,059 [INFO   ] [TRADER] received order book for instrument 1 with sequence number 13
2023-03-16 23:35:23,351 [INFO   ] [TRADER] received order book for instrument 0 with sequence number 14
2023-03-16 23:35:23,351 [INFO   ] [TRADER] received order book for instrument 1 with sequence number 14
2023-03-16 23:35:23,351 [INFO   ] [TRADER] received order status for order 13 with fill volume 0 remaining 0 and fees 0
2023-03-16 23:35:23,351 [INFO   ] [TRADER] received order status for order 14 with fill volume 0 remaining 10 and fees 0
2023-03-16 23:35:23,352 [INFO   ] [TRADER] received order filled for order 15 with price 140600 and volume 10
2023-03-16 23:35:23,352 [INFO   ] [TRADER] received order status for order 15 with fill volume 10 remaining 0 and fees 281
2023-03-16 23:35:23,352 [INFO   ] [TRADER] received order status for order 16 with fill volume 0 remaining 0 and fees 0
2023-03-16 23:35:23,352 [INFO   ] [TRADER] received trade ticks for instrument 1 with sequence number 5
2023-03-16 23:35:23,352 [INFO   ] [TRADER] received hedge filled for order 17 with average price 140500 and volume 10
2023-03-16 23:35:23,544 [INFO   ] [TRADER] received order book for instrument 0 with sequence number 15
2023-03-16 23:35:23,544 [INFO   ] [TRADER] received order book for instrument 1 with sequence number 15
2023-03-16 23:35:23,544 [INFO   ] [TRADER] received order status for order 18 with fill volume 0 remaining 10 and fees 0
2023-03-16 23:35:23,617 [INFO   ] [TRADER] received trade ticks for instrument 0 with sequence number 5
2023-03-16 23:35:23,841 [INFO   ] [TRADER] received order book for instrument 0 with sequence number 16
2023-03-16 23:35:23,841 [INFO   ] [TRADER] received order book for instrument 1 with sequence number 16
2023-03-16 23:35:23,845 [INFO   ] [TRADER] received order status for order 10 with fill volume 0 remaining 0 and fees 0
2023-03-16 23:35:23,845 [INFO   ] [TRADER] received order status for order 18 with fill volume 0 remaining 0 and fees 0
2023-03-16 23:35:23,845 [INFO   ] [TRADER] received order status for order 19 with fill volume 0 remaining 10 and fees 0
2023-03-16 23:35:23,845 [INFO   ] [TRADER] received order status for order 20 with fill volume 0 remaining 10 and fees 0
2023-03-16 23:35:23,846 [INFO   ] [TRADER] received trade ticks for instrument 1 with sequence number 6
2023-03-16 23:35:24,040 [INFO   ] [TRADER] received order book for instrument 0 with sequence number 17
2023-03-16 23:35:24,040 [INFO   ] [TRADER] received order book for instrument 1 with sequence number 17
2023-03-16 23:35:24,040 [INFO   ] [TRADER] received order status for order 19 with fill volume 0 remaining 0 and fees 0
2023-03-16 23:35:24,041 [INFO   ] [TRADER] received order status for order 20 with fill volume 0 remaining 0 and fees 0
2023-03-16 23:35:24,041 [INFO   ] [TRADER] received order status for order 21 with fill volume 0 remaining 10 and fees 0
2023-03-16 23:35:24,041 [INFO   ] [TRADER] received order status for order 22 with fill volume 0 remaining 10 and fees 0
2023-03-16 23:35:24,147 [INFO   ] [TRADER] received order filled for order 14 with price 140800 and volume 10
2023-03-16 23:35:24,147 [INFO   ] [TRADER] received order status for order 14 with fill volume 10 remaining 0 and fees -141
2023-03-16 23:35:24,147 [INFO   ] [TRADER] received order filled for order 22 with price 140900 and volume 10
2023-03-16 23:35:24,147 [INFO   ] [TRADER] received order status for order 22 with fill volume 10 remaining 0 and fees -141
2023-03-16 23:35:24,147 [INFO   ] [TRADER] received trade ticks for instrument 1 with sequence number 7
2023-03-16 23:35:24,147 [INFO   ] [TRADER] received hedge filled for order 23 with average price 140600 and volume 10
2023-03-16 23:35:24,147 [INFO   ] [TRADER] received hedge filled for order 24 with average price 140600 and volume 10
2023-03-16 23:35:24,363 [INFO   ] [TRADER] received order book for instrument 0 with sequence number 18
2023-03-16 23:35:24,363 [INFO   ] [TRADER] received order book for instrument 1 with sequence number 18
2023-03-16 23:35:24,363 [INFO   ] [TRADER] received order status for order 25 with fill volume 0 remaining 10 and fees 0
2023-03-16 23:35:24,549 [INFO   ] [TRADER] received order book for instrument 0 with sequence number 19
2023-03-16 23:35:24,549 [INFO   ] [TRADER] received order book for instrument 1 with sequence number 19
2023-03-16 23:35:24,550 [INFO   ] [TRADER] received order status for order 25 with fill volume 0 remaining 0 and fees 0
2023-03-16 23:35:24,550 [INFO   ] [TRADER] received order status for order 26 with fill volume 0 remaining 10 and fees 0
2023-03-16 23:35:24,550 [INFO   ] [TRADER] received order filled for order 27 with price 140600 and volume 10
2023-03-16 23:35:24,550 [INFO   ] [TRADER] received order status for order 27 with fill volume 10 remaining 0 and fees 281
2023-03-16 23:35:24,551 [INFO   ] [TRADER] received order status for order 28 with fill volume 0 remaining 0 and fees 0
2023-03-16 23:35:24,551 [INFO   ] [TRADER] received trade ticks for instrument 1 with sequence number 8
2023-03-16 23:35:24,551 [INFO   ] [TRADER] received hedge filled for order 29 with average price 140500 and volume 10
2023-03-16 23:35:24,607 [INFO   ] [TRADER] received trade ticks for instrument 0 with sequence number 6
2023-03-16 23:35:24,801 [INFO   ] [TRADER] received order book for instrument 0 with sequence number 20
2023-03-16 23:35:24,801 [INFO   ] [TRADER] received order book for instrument 1 with sequence number 20
2023-03-16 23:35:24,803 [INFO   ] [TRADER] received order status for order 30 with fill volume 0 remaining 10 and fees 0
2023-03-16 23:35:24,859 [INFO   ] [TRADER] received trade ticks for instrument 1 with sequence number 9
2023-03-16 23:35:25,001 [INFO   ] [TRADER] received trade ticks for instrument 0 with sequence number 7
2023-03-16 23:35:25,054 [INFO   ] [TRADER] received trade ticks for instrument 0 with sequence number 8
2023-03-16 23:35:25,115 [INFO   ] [TRADER] received order book for instrument 0 with sequence number 21
2023-03-16 23:35:25,115 [INFO   ] [TRADER] received order book for instrument 1 with sequence number 21
2023-03-16 23:35:25,115 [INFO   ] [TRADER] received order status for order 21 with fill volume 0 remaining 0 and fees 0
2023-03-16 23:35:25,115 [INFO   ] [TRADER] received order status for order 30 with fill volume 0 remaining 0 and fees 0
2023-03-16 23:35:25,115 [INFO   ] [TRADER] received order status for order 31 with fill volume 0 remaining 10 and fees 0
2023-03-16 23:35:25,115 [INFO   ] [TRADER] received order status for order 32 with fill volume 0 remaining 10 and fees 0
2023-03-16 23:35:25,307 [INFO   ] [TRADER] received order book for instrument 0 with sequence number 22
2023-03-16 23:35:25,307 [INFO   ] [TRADER] received order book for instrument 1 with sequence number 22
2023-03-16 23:35:25,455 [INFO   ] [TRADER] received trade ticks for instrument 1 with sequence number 10
2023-03-16 23:35:25,522 [INFO   ] [TRADER] received order book for instrument 0 with sequence number 23
2023-03-16 23:35:25,522 [INFO   ] [TRADER] received order book for instrument 1 with sequence number 23
2023-03-16 23:35:25,522 [INFO   ] [TRADER] received order status for order 31 with fill volume 0 remaining 0 and fees 0
2023-03-16 23:35:25,522 [INFO   ] [TRADER] received order status for order 33 with fill volume 0 remaining 10 and fees 0
2023-03-16 23:35:25,522 [INFO   ] [TRADER] received trade ticks for instrument 1 with sequence number 11
2023-03-16 23:35:25,523 [INFO   ] [TRADER] received trade ticks for instrument 1 with sequence number 12
2023-03-16 23:35:25,830 [INFO   ] [TRADER] received order book for instrument 0 with sequence number 24
2023-03-16 23:35:25,830 [INFO   ] [TRADER] received order book for instrument 1 with sequence number 24
2023-03-16 23:35:25,831 [INFO   ] [TRADER] received trade ticks for instrument 1 with sequence number 13
2023-03-16 23:35:25,831 [INFO   ] [TRADER] received order filled for order 34 with price 140600 and volume 10
2023-03-16 23:35:25,832 [INFO   ] [TRADER] received order status for order 34 with fill volume 10 remaining 0 and fees 281
2023-03-16 23:35:25,832 [INFO   ] [TRADER] received order filled for order 35 with price 140600 and volume 5
2023-03-16 23:35:25,832 [INFO   ] [TRADER] received order status for order 35 with fill volume 5 remaining 5 and fees 141
2023-03-16 23:35:25,832 [INFO   ] [TRADER] received order status for order 35 with fill volume 5 remaining 0 and fees 141
2023-03-16 23:35:25,832 [INFO   ] [TRADER] received order status for order 36 with fill volume 0 remaining 0 and fees 0
2023-03-16 23:35:25,832 [INFO   ] [TRADER] received order status for order 37 with fill volume 0 remaining 0 and fees 0
2023-03-16 23:35:25,832 [INFO   ] [TRADER] received trade ticks for instrument 1 with sequence number 14
2023-03-16 23:35:25,832 [INFO   ] [TRADER] received hedge filled for order 38 with average price 140400 and volume 10
2023-03-16 23:35:25,832 [INFO   ] [TRADER] received hedge filled for order 39 with average price 140400 and volume 5
2023-03-16 23:35:26,066 [INFO   ] [TRADER] received order book for instrument 0 with sequence number 25
2023-03-16 23:35:26,066 [INFO   ] [TRADER] received order book for instrument 1 with sequence number 25
2023-03-16 23:35:26,066 [INFO   ] [TRADER] received order status for order 40 with fill volume 0 remaining 10 and fees 0
2023-03-16 23:35:26,067 [INFO   ] [TRADER] received trade ticks for instrument 1 with sequence number 15
2023-03-16 23:35:26,254 [INFO   ] [TRADER] received order filled for order 32 with price 140700 and volume 10
2023-03-16 23:35:26,254 [INFO   ] [TRADER] received order status for order 32 with fill volume 10 remaining 0 and fees -141
2023-03-16 23:35:26,254 [INFO   ] [TRADER] received order filled for order 40 with price 140700 and volume 10
2023-03-16 23:35:26,254 [INFO   ] [TRADER] received order status for order 40 with fill volume 10 remaining 0 and fees -141
2023-03-16 23:35:26,254 [INFO   ] [TRADER] received order filled for order 26 with price 140800 and volume 10
2023-03-16 23:35:26,254 [INFO   ] [TRADER] received order status for order 26 with fill volume 10 remaining 0 and fees -141
2023-03-16 23:35:26,254 [WARNING] [TRADER] error with order 26: ETF position limit breached
2023-03-16 23:35:26,255 [INFO   ] [TRADER] received trade ticks for instrument 1 with sequence number 16
2023-03-16 23:35:26,255 [ERROR  ] [CONNECTION] fd=7 connection lost:
Traceback (most recent call last):
  File "/usr/local/lib/python3.11/asyncio/selector_events.py", line 995, in _read_ready__data_received
    data = self._sock.recv(self.max_size)
           ^^^^^^^^^^^^^^^^^^^^^^^^^^^^^^
ConnectionResetError: [Errno 104] Connection reset by peer
2023-03-16 23:35:26,256 [INFO   ] [APP] closing event loop
2023-03-16 23:35:26,256 [INFO   ] [RECEIVER] connection lost
